<?xml version="1.0" encoding="UTF-8"?>
<!-- Generated by org.testng.reporters.JUnitXMLReporter -->
<testsuite ignored="0" hostname="PC_KANHAIYA" failures="0" tests="7" name="Accounts Page Test" time="9.164" errors="0" timestamp="05 Jun 2025 08:04:22 GMT">
  <testcase classname="com.qa.opencart.tests.AccountsPageTest" name="accPageHeadersCountTest" time="0.605"/>
  <testcase classname="com.qa.opencart.tests.AccountsPageTest" name="accPageHeadersTest" time="0.107"/>
  <testcase classname="com.qa.opencart.tests.AccountsPageTest" name="accPageTitleTest" time="0.02"/>
  <testcase classname="com.qa.opencart.tests.AccountsPageTest" name="logoutLinkExistTest" time="0.036"/>
  <testcase classname="com.qa.opencart.tests.AccountsPageTest" name="searchTest" time="0.602"/>
  <testcase classname="com.qa.opencart.tests.AccountsPageTest" name="searchTest" time="0.595"/>
  <testcase classname="com.qa.opencart.tests.AccountsPageTest" name="searchTest" time="0.54"/>
</testsuite> <!-- Accounts Page Test -->
