<?xml version="1.0" encoding="UTF-8"?>
<!-- Generated by org.testng.reporters.JUnitXMLReporter -->
<testsuite ignored="0" hostname="PC_KANHAIYA" failures="0" tests="7" name="Product Info Test" time="15.713" errors="0" timestamp="05 Jun 2025 08:04:28 GMT">
  <testcase classname="com.qa.opencart.tests.ProductInfoTest" name="productHeaderTest" time="1.896"/>
  <testcase classname="com.qa.opencart.tests.ProductInfoTest" name="productHeaderTest" time="1.037"/>
  <testcase classname="com.qa.opencart.tests.ProductInfoTest" name="productHeaderTest" time="1.236"/>
  <testcase classname="com.qa.opencart.tests.ProductInfoTest" name="productImagesCountTest" time="1.125"/>
  <testcase classname="com.qa.opencart.tests.ProductInfoTest" name="productImagesCountTest" time="1.2"/>
  <testcase classname="com.qa.opencart.tests.ProductInfoTest" name="productImagesCountTest" time="1.028"/>
  <testcase classname="com.qa.opencart.tests.ProductInfoTest" name="productInfoTest" time="1.266"/>
</testsuite> <!-- Product Info Test -->
