<?xml version="1.0" encoding="UTF-8"?>
<!-- Generated by org.testng.reporters.JUnitXMLReporter -->
<testsuite ignored="0" hostname="PC_KANHAIYA" failures="0" tests="5" name="Register Page Test" time="18.794" errors="0" timestamp="05 Jun 2025 08:04:31 GMT">
  <testcase classname="com.qa.opencart.tests.RegisterPageTest" name="userRegisterTest" time="2.052"/>
  <testcase classname="com.qa.opencart.tests.RegisterPageTest" name="userRegisterTest" time="1.967"/>
  <testcase classname="com.qa.opencart.tests.RegisterPageTest" name="userRegisterTest" time="2.307"/>
  <testcase classname="com.qa.opencart.tests.RegisterPageTest" name="userRegisterTest" time="2.332"/>
  <testcase classname="com.qa.opencart.tests.RegisterPageTest" name="userRegisterTest" time="2.768"/>
</testsuite> <!-- Register Page Test -->
