<?xml version="1.0" encoding="UTF-8"?>
<!-- Generated by org.testng.reporters.JUnitXMLReporter -->
<testsuite ignored="0" hostname="PC_KANHAIYA" failures="0" tests="5" name="Default test" time="23.601" errors="0" timestamp="03 Jun 2025 09:05:20 GMT">
  <testcase classname="com.qa.opencart.tests.RegisterPageTest" name="userRegisterTest" time="2.577"/>
  <testcase classname="com.qa.opencart.tests.RegisterPageTest" name="userRegisterTest" time="2.852"/>
  <testcase classname="com.qa.opencart.tests.RegisterPageTest" name="userRegisterTest" time="3.741"/>
  <testcase classname="com.qa.opencart.tests.RegisterPageTest" name="userRegisterTest" time="2.853"/>
  <testcase classname="com.qa.opencart.tests.RegisterPageTest" name="userRegisterTest" time="2.393"/>
</testsuite> <!-- Default test -->
